<?xml version="1.0" encoding="UTF-8"?>
<testsuite xmlns:xsi="http://www.w3.org/2001/XMLSchema-instance" xsi:noNamespaceSchemaLocation="https://maven.apache.org/surefire/maven-surefire-plugin/xsd/surefire-test-report.xsd" version="3.0.2" name="com.gabrielsoacc.RunnerTest" time="0.037" tests="1" errors="0" skipped="0" failures="0">
  <properties>
[...]
</properties>
  <testcase name="Deve executar especificação" classname="RunnerTest" time="0.015">
    <system-out><![CDATA[ok
Passou aqui
Passou aqui
]]></system-out>
  </testcase>
</testsuite>